ARM GAS  /tmp/ccusOcmP.s 			page 1


   1              		.cpu cortex-m4
   2              		.arch armv7e-m
   3              		.fpu fpv4-sp-d16
   4              		.eabi_attribute 27, 1
   5              		.eabi_attribute 28, 1
   6              		.eabi_attribute 20, 1
   7              		.eabi_attribute 21, 1
   8              		.eabi_attribute 23, 3
   9              		.eabi_attribute 24, 1
  10              		.eabi_attribute 25, 1
  11              		.eabi_attribute 26, 1
  12              		.eabi_attribute 30, 1
  13              		.eabi_attribute 34, 1
  14              		.eabi_attribute 18, 4
  15              		.file	"usart.c"
  16              		.text
  17              	.Ltext0:
  18              		.cfi_sections	.debug_frame
  19              		.section	.text.MX_USART1_UART_Init,"ax",%progbits
  20              		.align	1
  21              		.global	MX_USART1_UART_Init
  22              		.syntax unified
  23              		.thumb
  24              		.thumb_func
  26              	MX_USART1_UART_Init:
  27              	.LFB130:
  28              		.file 1 "Core/Src/usart.c"
   1:Core/Src/usart.c **** /* USER CODE BEGIN Header */
   2:Core/Src/usart.c **** /**
   3:Core/Src/usart.c ****   ******************************************************************************
   4:Core/Src/usart.c ****   * @file    usart.c
   5:Core/Src/usart.c ****   * @brief   This file provides code for the configuration
   6:Core/Src/usart.c ****   *          of the USART instances.
   7:Core/Src/usart.c ****   ******************************************************************************
   8:Core/Src/usart.c ****   * @attention
   9:Core/Src/usart.c ****   *
  10:Core/Src/usart.c ****   * Copyright (c) 2022 STMicroelectronics.
  11:Core/Src/usart.c ****   * All rights reserved.
  12:Core/Src/usart.c ****   *
  13:Core/Src/usart.c ****   * This software is licensed under terms that can be found in the LICENSE file
  14:Core/Src/usart.c ****   * in the root directory of this software component.
  15:Core/Src/usart.c ****   * If no LICENSE file comes with this software, it is provided AS-IS.
  16:Core/Src/usart.c ****   *
  17:Core/Src/usart.c ****   ******************************************************************************
  18:Core/Src/usart.c ****   */
  19:Core/Src/usart.c **** /* USER CODE END Header */
  20:Core/Src/usart.c **** /* Includes ------------------------------------------------------------------*/
  21:Core/Src/usart.c **** #include "usart.h"
  22:Core/Src/usart.c **** 
  23:Core/Src/usart.c **** /* USER CODE BEGIN 0 */
  24:Core/Src/usart.c **** 
  25:Core/Src/usart.c **** /* USER CODE END 0 */
  26:Core/Src/usart.c **** 
  27:Core/Src/usart.c **** UART_HandleTypeDef huart1;
  28:Core/Src/usart.c **** 
  29:Core/Src/usart.c **** /* USART1 init function */
  30:Core/Src/usart.c **** 
ARM GAS  /tmp/ccusOcmP.s 			page 2


  31:Core/Src/usart.c **** void MX_USART1_UART_Init(void)
  32:Core/Src/usart.c **** {
  29              		.loc 1 32 1 view -0
  30              		.cfi_startproc
  31              		@ args = 0, pretend = 0, frame = 0
  32              		@ frame_needed = 0, uses_anonymous_args = 0
  33 0000 08B5     		push	{r3, lr}
  34              	.LCFI0:
  35              		.cfi_def_cfa_offset 8
  36              		.cfi_offset 3, -8
  37              		.cfi_offset 14, -4
  33:Core/Src/usart.c **** 
  34:Core/Src/usart.c ****   /* USER CODE BEGIN USART1_Init 0 */
  35:Core/Src/usart.c **** 
  36:Core/Src/usart.c ****   /* USER CODE END USART1_Init 0 */
  37:Core/Src/usart.c **** 
  38:Core/Src/usart.c ****   /* USER CODE BEGIN USART1_Init 1 */
  39:Core/Src/usart.c **** 
  40:Core/Src/usart.c ****   /* USER CODE END USART1_Init 1 */
  41:Core/Src/usart.c ****   huart1.Instance = USART1;
  38              		.loc 1 41 3 view .LVU1
  39              		.loc 1 41 19 is_stmt 0 view .LVU2
  40 0002 0A48     		ldr	r0, .L5
  41 0004 0A4B     		ldr	r3, .L5+4
  42 0006 0360     		str	r3, [r0]
  42:Core/Src/usart.c ****   huart1.Init.BaudRate = 115200;
  43              		.loc 1 42 3 is_stmt 1 view .LVU3
  44              		.loc 1 42 24 is_stmt 0 view .LVU4
  45 0008 4FF4E133 		mov	r3, #115200
  46 000c 4360     		str	r3, [r0, #4]
  43:Core/Src/usart.c ****   huart1.Init.WordLength = UART_WORDLENGTH_8B;
  47              		.loc 1 43 3 is_stmt 1 view .LVU5
  48              		.loc 1 43 26 is_stmt 0 view .LVU6
  49 000e 0023     		movs	r3, #0
  50 0010 8360     		str	r3, [r0, #8]
  44:Core/Src/usart.c ****   huart1.Init.StopBits = UART_STOPBITS_1;
  51              		.loc 1 44 3 is_stmt 1 view .LVU7
  52              		.loc 1 44 24 is_stmt 0 view .LVU8
  53 0012 C360     		str	r3, [r0, #12]
  45:Core/Src/usart.c ****   huart1.Init.Parity = UART_PARITY_NONE;
  54              		.loc 1 45 3 is_stmt 1 view .LVU9
  55              		.loc 1 45 22 is_stmt 0 view .LVU10
  56 0014 0361     		str	r3, [r0, #16]
  46:Core/Src/usart.c ****   huart1.Init.Mode = UART_MODE_TX_RX;
  57              		.loc 1 46 3 is_stmt 1 view .LVU11
  58              		.loc 1 46 20 is_stmt 0 view .LVU12
  59 0016 0C22     		movs	r2, #12
  60 0018 4261     		str	r2, [r0, #20]
  47:Core/Src/usart.c ****   huart1.Init.HwFlowCtl = UART_HWCONTROL_NONE;
  61              		.loc 1 47 3 is_stmt 1 view .LVU13
  62              		.loc 1 47 25 is_stmt 0 view .LVU14
  63 001a 8361     		str	r3, [r0, #24]
  48:Core/Src/usart.c ****   huart1.Init.OverSampling = UART_OVERSAMPLING_16;
  64              		.loc 1 48 3 is_stmt 1 view .LVU15
  65              		.loc 1 48 28 is_stmt 0 view .LVU16
  66 001c C361     		str	r3, [r0, #28]
  49:Core/Src/usart.c ****   if (HAL_UART_Init(&huart1) != HAL_OK)
ARM GAS  /tmp/ccusOcmP.s 			page 3


  67              		.loc 1 49 3 is_stmt 1 view .LVU17
  68              		.loc 1 49 7 is_stmt 0 view .LVU18
  69 001e FFF7FEFF 		bl	HAL_UART_Init
  70              	.LVL0:
  71              		.loc 1 49 6 view .LVU19
  72 0022 00B9     		cbnz	r0, .L4
  73              	.L1:
  50:Core/Src/usart.c ****   {
  51:Core/Src/usart.c ****     Error_Handler();
  52:Core/Src/usart.c ****   }
  53:Core/Src/usart.c ****   /* USER CODE BEGIN USART1_Init 2 */
  54:Core/Src/usart.c **** 
  55:Core/Src/usart.c ****   /* USER CODE END USART1_Init 2 */
  56:Core/Src/usart.c **** 
  57:Core/Src/usart.c **** }
  74              		.loc 1 57 1 view .LVU20
  75 0024 08BD     		pop	{r3, pc}
  76              	.L4:
  51:Core/Src/usart.c ****   }
  77              		.loc 1 51 5 is_stmt 1 view .LVU21
  78 0026 FFF7FEFF 		bl	Error_Handler
  79              	.LVL1:
  80              		.loc 1 57 1 is_stmt 0 view .LVU22
  81 002a FBE7     		b	.L1
  82              	.L6:
  83              		.align	2
  84              	.L5:
  85 002c 00000000 		.word	.LANCHOR0
  86 0030 00100140 		.word	1073811456
  87              		.cfi_endproc
  88              	.LFE130:
  90              		.section	.text.HAL_UART_MspInit,"ax",%progbits
  91              		.align	1
  92              		.global	HAL_UART_MspInit
  93              		.syntax unified
  94              		.thumb
  95              		.thumb_func
  97              	HAL_UART_MspInit:
  98              	.LVL2:
  99              	.LFB131:
  58:Core/Src/usart.c **** 
  59:Core/Src/usart.c **** void HAL_UART_MspInit(UART_HandleTypeDef* uartHandle)
  60:Core/Src/usart.c **** {
 100              		.loc 1 60 1 is_stmt 1 view -0
 101              		.cfi_startproc
 102              		@ args = 0, pretend = 0, frame = 32
 103              		@ frame_needed = 0, uses_anonymous_args = 0
 104              		.loc 1 60 1 is_stmt 0 view .LVU24
 105 0000 30B5     		push	{r4, r5, lr}
 106              	.LCFI1:
 107              		.cfi_def_cfa_offset 12
 108              		.cfi_offset 4, -12
 109              		.cfi_offset 5, -8
 110              		.cfi_offset 14, -4
 111 0002 89B0     		sub	sp, sp, #36
 112              	.LCFI2:
 113              		.cfi_def_cfa_offset 48
ARM GAS  /tmp/ccusOcmP.s 			page 4


  61:Core/Src/usart.c **** 
  62:Core/Src/usart.c ****   GPIO_InitTypeDef GPIO_InitStruct = {0};
 114              		.loc 1 62 3 is_stmt 1 view .LVU25
 115              		.loc 1 62 20 is_stmt 0 view .LVU26
 116 0004 0023     		movs	r3, #0
 117 0006 0393     		str	r3, [sp, #12]
 118 0008 0493     		str	r3, [sp, #16]
 119 000a 0593     		str	r3, [sp, #20]
 120 000c 0693     		str	r3, [sp, #24]
 121 000e 0793     		str	r3, [sp, #28]
  63:Core/Src/usart.c ****   if(uartHandle->Instance==USART1)
 122              		.loc 1 63 3 is_stmt 1 view .LVU27
 123              		.loc 1 63 16 is_stmt 0 view .LVU28
 124 0010 0268     		ldr	r2, [r0]
 125              		.loc 1 63 5 view .LVU29
 126 0012 03F18043 		add	r3, r3, #1073741824
 127 0016 03F58833 		add	r3, r3, #69632
 128 001a 9A42     		cmp	r2, r3
 129 001c 01D0     		beq	.L10
 130              	.LVL3:
 131              	.L7:
  64:Core/Src/usart.c ****   {
  65:Core/Src/usart.c ****   /* USER CODE BEGIN USART1_MspInit 0 */
  66:Core/Src/usart.c **** 
  67:Core/Src/usart.c ****   /* USER CODE END USART1_MspInit 0 */
  68:Core/Src/usart.c ****     /* USART1 clock enable */
  69:Core/Src/usart.c ****     __HAL_RCC_USART1_CLK_ENABLE();
  70:Core/Src/usart.c **** 
  71:Core/Src/usart.c ****     __HAL_RCC_GPIOA_CLK_ENABLE();
  72:Core/Src/usart.c ****     /**USART1 GPIO Configuration
  73:Core/Src/usart.c ****     PA9     ------> USART1_TX
  74:Core/Src/usart.c ****     PA10     ------> USART1_RX
  75:Core/Src/usart.c ****     */
  76:Core/Src/usart.c ****     GPIO_InitStruct.Pin = GPIO_PIN_9|GPIO_PIN_10;
  77:Core/Src/usart.c ****     GPIO_InitStruct.Mode = GPIO_MODE_AF_PP;
  78:Core/Src/usart.c ****     GPIO_InitStruct.Pull = GPIO_NOPULL;
  79:Core/Src/usart.c ****     GPIO_InitStruct.Speed = GPIO_SPEED_FREQ_VERY_HIGH;
  80:Core/Src/usart.c ****     GPIO_InitStruct.Alternate = GPIO_AF7_USART1;
  81:Core/Src/usart.c ****     HAL_GPIO_Init(GPIOA, &GPIO_InitStruct);
  82:Core/Src/usart.c **** 
  83:Core/Src/usart.c ****     /* USART1 interrupt Init */
  84:Core/Src/usart.c ****     HAL_NVIC_SetPriority(USART1_IRQn, 3, 0);
  85:Core/Src/usart.c ****     HAL_NVIC_EnableIRQ(USART1_IRQn);
  86:Core/Src/usart.c ****   /* USER CODE BEGIN USART1_MspInit 1 */
  87:Core/Src/usart.c **** 
  88:Core/Src/usart.c ****   /* USER CODE END USART1_MspInit 1 */
  89:Core/Src/usart.c ****   }
  90:Core/Src/usart.c **** }
 132              		.loc 1 90 1 view .LVU30
 133 001e 09B0     		add	sp, sp, #36
 134              	.LCFI3:
 135              		.cfi_remember_state
 136              		.cfi_def_cfa_offset 12
 137              		@ sp needed
 138 0020 30BD     		pop	{r4, r5, pc}
 139              	.LVL4:
 140              	.L10:
ARM GAS  /tmp/ccusOcmP.s 			page 5


 141              	.LCFI4:
 142              		.cfi_restore_state
  69:Core/Src/usart.c **** 
 143              		.loc 1 69 5 is_stmt 1 view .LVU31
 144              	.LBB2:
  69:Core/Src/usart.c **** 
 145              		.loc 1 69 5 view .LVU32
 146 0022 0024     		movs	r4, #0
 147 0024 0194     		str	r4, [sp, #4]
  69:Core/Src/usart.c **** 
 148              		.loc 1 69 5 view .LVU33
 149 0026 03F59433 		add	r3, r3, #75776
 150 002a 5A6C     		ldr	r2, [r3, #68]
 151 002c 42F01002 		orr	r2, r2, #16
 152 0030 5A64     		str	r2, [r3, #68]
  69:Core/Src/usart.c **** 
 153              		.loc 1 69 5 view .LVU34
 154 0032 5A6C     		ldr	r2, [r3, #68]
 155 0034 02F01002 		and	r2, r2, #16
 156 0038 0192     		str	r2, [sp, #4]
  69:Core/Src/usart.c **** 
 157              		.loc 1 69 5 view .LVU35
 158 003a 019A     		ldr	r2, [sp, #4]
 159              	.LBE2:
  69:Core/Src/usart.c **** 
 160              		.loc 1 69 5 view .LVU36
  71:Core/Src/usart.c ****     /**USART1 GPIO Configuration
 161              		.loc 1 71 5 view .LVU37
 162              	.LBB3:
  71:Core/Src/usart.c ****     /**USART1 GPIO Configuration
 163              		.loc 1 71 5 view .LVU38
 164 003c 0294     		str	r4, [sp, #8]
  71:Core/Src/usart.c ****     /**USART1 GPIO Configuration
 165              		.loc 1 71 5 view .LVU39
 166 003e 1A6B     		ldr	r2, [r3, #48]
 167 0040 42F00102 		orr	r2, r2, #1
 168 0044 1A63     		str	r2, [r3, #48]
  71:Core/Src/usart.c ****     /**USART1 GPIO Configuration
 169              		.loc 1 71 5 view .LVU40
 170 0046 1B6B     		ldr	r3, [r3, #48]
 171 0048 03F00103 		and	r3, r3, #1
 172 004c 0293     		str	r3, [sp, #8]
  71:Core/Src/usart.c ****     /**USART1 GPIO Configuration
 173              		.loc 1 71 5 view .LVU41
 174 004e 029B     		ldr	r3, [sp, #8]
 175              	.LBE3:
  71:Core/Src/usart.c ****     /**USART1 GPIO Configuration
 176              		.loc 1 71 5 view .LVU42
  76:Core/Src/usart.c ****     GPIO_InitStruct.Mode = GPIO_MODE_AF_PP;
 177              		.loc 1 76 5 view .LVU43
  76:Core/Src/usart.c ****     GPIO_InitStruct.Mode = GPIO_MODE_AF_PP;
 178              		.loc 1 76 25 is_stmt 0 view .LVU44
 179 0050 4FF4C063 		mov	r3, #1536
 180 0054 0393     		str	r3, [sp, #12]
  77:Core/Src/usart.c ****     GPIO_InitStruct.Pull = GPIO_NOPULL;
 181              		.loc 1 77 5 is_stmt 1 view .LVU45
  77:Core/Src/usart.c ****     GPIO_InitStruct.Pull = GPIO_NOPULL;
ARM GAS  /tmp/ccusOcmP.s 			page 6


 182              		.loc 1 77 26 is_stmt 0 view .LVU46
 183 0056 0223     		movs	r3, #2
 184 0058 0493     		str	r3, [sp, #16]
  78:Core/Src/usart.c ****     GPIO_InitStruct.Speed = GPIO_SPEED_FREQ_VERY_HIGH;
 185              		.loc 1 78 5 is_stmt 1 view .LVU47
  79:Core/Src/usart.c ****     GPIO_InitStruct.Alternate = GPIO_AF7_USART1;
 186              		.loc 1 79 5 view .LVU48
  79:Core/Src/usart.c ****     GPIO_InitStruct.Alternate = GPIO_AF7_USART1;
 187              		.loc 1 79 27 is_stmt 0 view .LVU49
 188 005a 0325     		movs	r5, #3
 189 005c 0695     		str	r5, [sp, #24]
  80:Core/Src/usart.c ****     HAL_GPIO_Init(GPIOA, &GPIO_InitStruct);
 190              		.loc 1 80 5 is_stmt 1 view .LVU50
  80:Core/Src/usart.c ****     HAL_GPIO_Init(GPIOA, &GPIO_InitStruct);
 191              		.loc 1 80 31 is_stmt 0 view .LVU51
 192 005e 0723     		movs	r3, #7
 193 0060 0793     		str	r3, [sp, #28]
  81:Core/Src/usart.c **** 
 194              		.loc 1 81 5 is_stmt 1 view .LVU52
 195 0062 03A9     		add	r1, sp, #12
 196 0064 0548     		ldr	r0, .L11
 197              	.LVL5:
  81:Core/Src/usart.c **** 
 198              		.loc 1 81 5 is_stmt 0 view .LVU53
 199 0066 FFF7FEFF 		bl	HAL_GPIO_Init
 200              	.LVL6:
  84:Core/Src/usart.c ****     HAL_NVIC_EnableIRQ(USART1_IRQn);
 201              		.loc 1 84 5 is_stmt 1 view .LVU54
 202 006a 2246     		mov	r2, r4
 203 006c 2946     		mov	r1, r5
 204 006e 2520     		movs	r0, #37
 205 0070 FFF7FEFF 		bl	HAL_NVIC_SetPriority
 206              	.LVL7:
  85:Core/Src/usart.c ****   /* USER CODE BEGIN USART1_MspInit 1 */
 207              		.loc 1 85 5 view .LVU55
 208 0074 2520     		movs	r0, #37
 209 0076 FFF7FEFF 		bl	HAL_NVIC_EnableIRQ
 210              	.LVL8:
 211              		.loc 1 90 1 is_stmt 0 view .LVU56
 212 007a D0E7     		b	.L7
 213              	.L12:
 214              		.align	2
 215              	.L11:
 216 007c 00000240 		.word	1073872896
 217              		.cfi_endproc
 218              	.LFE131:
 220              		.section	.text.HAL_UART_MspDeInit,"ax",%progbits
 221              		.align	1
 222              		.global	HAL_UART_MspDeInit
 223              		.syntax unified
 224              		.thumb
 225              		.thumb_func
 227              	HAL_UART_MspDeInit:
 228              	.LVL9:
 229              	.LFB132:
  91:Core/Src/usart.c **** 
  92:Core/Src/usart.c **** void HAL_UART_MspDeInit(UART_HandleTypeDef* uartHandle)
ARM GAS  /tmp/ccusOcmP.s 			page 7


  93:Core/Src/usart.c **** {
 230              		.loc 1 93 1 is_stmt 1 view -0
 231              		.cfi_startproc
 232              		@ args = 0, pretend = 0, frame = 0
 233              		@ frame_needed = 0, uses_anonymous_args = 0
 234              		.loc 1 93 1 is_stmt 0 view .LVU58
 235 0000 08B5     		push	{r3, lr}
 236              	.LCFI5:
 237              		.cfi_def_cfa_offset 8
 238              		.cfi_offset 3, -8
 239              		.cfi_offset 14, -4
  94:Core/Src/usart.c **** 
  95:Core/Src/usart.c ****   if(uartHandle->Instance==USART1)
 240              		.loc 1 95 3 is_stmt 1 view .LVU59
 241              		.loc 1 95 16 is_stmt 0 view .LVU60
 242 0002 0268     		ldr	r2, [r0]
 243              		.loc 1 95 5 view .LVU61
 244 0004 084B     		ldr	r3, .L17
 245 0006 9A42     		cmp	r2, r3
 246 0008 00D0     		beq	.L16
 247              	.LVL10:
 248              	.L13:
  96:Core/Src/usart.c ****   {
  97:Core/Src/usart.c ****   /* USER CODE BEGIN USART1_MspDeInit 0 */
  98:Core/Src/usart.c **** 
  99:Core/Src/usart.c ****   /* USER CODE END USART1_MspDeInit 0 */
 100:Core/Src/usart.c ****     /* Peripheral clock disable */
 101:Core/Src/usart.c ****     __HAL_RCC_USART1_CLK_DISABLE();
 102:Core/Src/usart.c **** 
 103:Core/Src/usart.c ****     /**USART1 GPIO Configuration
 104:Core/Src/usart.c ****     PA9     ------> USART1_TX
 105:Core/Src/usart.c ****     PA10     ------> USART1_RX
 106:Core/Src/usart.c ****     */
 107:Core/Src/usart.c ****     HAL_GPIO_DeInit(GPIOA, GPIO_PIN_9|GPIO_PIN_10);
 108:Core/Src/usart.c **** 
 109:Core/Src/usart.c ****     /* USART1 interrupt Deinit */
 110:Core/Src/usart.c ****     HAL_NVIC_DisableIRQ(USART1_IRQn);
 111:Core/Src/usart.c ****   /* USER CODE BEGIN USART1_MspDeInit 1 */
 112:Core/Src/usart.c **** 
 113:Core/Src/usart.c ****   /* USER CODE END USART1_MspDeInit 1 */
 114:Core/Src/usart.c ****   }
 115:Core/Src/usart.c **** }
 249              		.loc 1 115 1 view .LVU62
 250 000a 08BD     		pop	{r3, pc}
 251              	.LVL11:
 252              	.L16:
 101:Core/Src/usart.c **** 
 253              		.loc 1 101 5 is_stmt 1 view .LVU63
 254 000c 074A     		ldr	r2, .L17+4
 255 000e 536C     		ldr	r3, [r2, #68]
 256 0010 23F01003 		bic	r3, r3, #16
 257 0014 5364     		str	r3, [r2, #68]
 107:Core/Src/usart.c **** 
 258              		.loc 1 107 5 view .LVU64
 259 0016 4FF4C061 		mov	r1, #1536
 260 001a 0548     		ldr	r0, .L17+8
 261              	.LVL12:
ARM GAS  /tmp/ccusOcmP.s 			page 8


 107:Core/Src/usart.c **** 
 262              		.loc 1 107 5 is_stmt 0 view .LVU65
 263 001c FFF7FEFF 		bl	HAL_GPIO_DeInit
 264              	.LVL13:
 110:Core/Src/usart.c ****   /* USER CODE BEGIN USART1_MspDeInit 1 */
 265              		.loc 1 110 5 is_stmt 1 view .LVU66
 266 0020 2520     		movs	r0, #37
 267 0022 FFF7FEFF 		bl	HAL_NVIC_DisableIRQ
 268              	.LVL14:
 269              		.loc 1 115 1 is_stmt 0 view .LVU67
 270 0026 F0E7     		b	.L13
 271              	.L18:
 272              		.align	2
 273              	.L17:
 274 0028 00100140 		.word	1073811456
 275 002c 00380240 		.word	1073887232
 276 0030 00000240 		.word	1073872896
 277              		.cfi_endproc
 278              	.LFE132:
 280              		.global	huart1
 281              		.section	.bss.huart1,"aw",%nobits
 282              		.align	2
 283              		.set	.LANCHOR0,. + 0
 286              	huart1:
 287 0000 00000000 		.space	68
 287      00000000 
 287      00000000 
 287      00000000 
 287      00000000 
 288              		.text
 289              	.Letext0:
 290              		.file 2 "/home/hyc/.gcc-arm-none-eabi/arm-none-eabi/include/machine/_default_types.h"
 291              		.file 3 "/home/hyc/.gcc-arm-none-eabi/arm-none-eabi/include/sys/_stdint.h"
 292              		.file 4 "Drivers/CMSIS/Device/ST/STM32F4xx/Include/stm32f411xe.h"
 293              		.file 5 "Drivers/STM32F4xx_HAL_Driver/Inc/stm32f4xx_hal_def.h"
 294              		.file 6 "Drivers/STM32F4xx_HAL_Driver/Inc/stm32f4xx_hal_gpio.h"
 295              		.file 7 "Drivers/STM32F4xx_HAL_Driver/Inc/stm32f4xx_hal_dma.h"
 296              		.file 8 "Drivers/STM32F4xx_HAL_Driver/Inc/stm32f4xx_hal_uart.h"
 297              		.file 9 "Drivers/STM32F4xx_HAL_Driver/Inc/stm32f4xx_hal_cortex.h"
 298              		.file 10 "Core/Inc/main.h"
 299              		.file 11 "Core/Inc/usart.h"
ARM GAS  /tmp/ccusOcmP.s 			page 9


DEFINED SYMBOLS
                            *ABS*:0000000000000000 usart.c
     /tmp/ccusOcmP.s:20     .text.MX_USART1_UART_Init:0000000000000000 $t
     /tmp/ccusOcmP.s:26     .text.MX_USART1_UART_Init:0000000000000000 MX_USART1_UART_Init
     /tmp/ccusOcmP.s:85     .text.MX_USART1_UART_Init:000000000000002c $d
     /tmp/ccusOcmP.s:91     .text.HAL_UART_MspInit:0000000000000000 $t
     /tmp/ccusOcmP.s:97     .text.HAL_UART_MspInit:0000000000000000 HAL_UART_MspInit
     /tmp/ccusOcmP.s:216    .text.HAL_UART_MspInit:000000000000007c $d
     /tmp/ccusOcmP.s:221    .text.HAL_UART_MspDeInit:0000000000000000 $t
     /tmp/ccusOcmP.s:227    .text.HAL_UART_MspDeInit:0000000000000000 HAL_UART_MspDeInit
     /tmp/ccusOcmP.s:274    .text.HAL_UART_MspDeInit:0000000000000028 $d
     /tmp/ccusOcmP.s:286    .bss.huart1:0000000000000000 huart1
     /tmp/ccusOcmP.s:282    .bss.huart1:0000000000000000 $d

UNDEFINED SYMBOLS
HAL_UART_Init
Error_Handler
HAL_GPIO_Init
HAL_NVIC_SetPriority
HAL_NVIC_EnableIRQ
HAL_GPIO_DeInit
HAL_NVIC_DisableIRQ
